<?xml version="1.0" encoding="UTF-8"?>
<!-- Generated by org.testng.reporters.JUnitReportReporter -->
<testsuite hostname="DESKTOP-91O1GD9" failures="0" tests="1" name="com.gmail.test.SeleniumTest" time="5.996" errors="0" timestamp="2024-07-05T23:52:12 IST" skipped="0">
  <testcase classname="com.gmail.test.SeleniumTest" name="testGoogleTitle" time="5.996"/>
  <system-out/>
</testsuite> <!-- com.gmail.test.SeleniumTest -->
